<?xml version="1.0" encoding="UTF-8"?>
<!-- Generated by org.testng.reporters.JUnitReportReporter -->
<testsuite hostname="LAPTOP-40VE5V91" failures="0" tests="1" name="testRunner.TC_AddNewCustomer_003" time="16.515" errors="0" timestamp="2021-08-12T22:17:02 IST" skipped="0">
  <testcase classname="testRunner.TC_AddNewCustomer_003" name="addNewCustomer" time="16.515"/>
  <system-out/>
</testsuite> <!-- testRunner.TC_AddNewCustomer_003 -->
